[02:41:19] [ServerMain/INFO]: Environment: authHost='https://authserver.mojang.com', accountsHost='https://api.mojang.com', sessionHost='https://sessionserver.mojang.com', servicesHost='https://api.minecraftservices.com', name='PROD'
[02:41:20] [ServerMain/INFO]: Loaded 7 recipes
[02:41:21] [Server thread/INFO]: Starting minecraft server version 1.20
[02:41:21] [Server thread/INFO]: Loading properties
[02:41:21] [Server thread/INFO]: This server is running Paper version git-Paper-17 (MC: 1.20) (Implementing API version 1.20-R0.1-SNAPSHOT) (Git: c287e92)
[02:41:21] [Server thread/INFO]: Server Ping Player Sample Count: 12
[02:41:21] [Server thread/INFO]: Using 4 threads for Netty based IO
[02:41:21] [Server thread/WARN]: [!] The timings profiler has been enabled but has been scheduled for removal from Paper in the future.
    We recommend installing the spark profiler as a replacement: https://spark.lucko.me/
    For more information please visit: https://github.com/PaperMC/Paper/issues/8948
[02:41:21] [Server thread/INFO]: [ChunkTaskScheduler] Chunk system is using 1 I/O threads, 1 worker threads, and gen parallelism of 1 threads
[02:41:21] [Server thread/INFO]: Default game type: SURVIVAL
[02:41:21] [Server thread/INFO]: Generating keypair
[02:41:21] [Server thread/INFO]: Starting Minecraft server on *:25565
[02:41:21] [Server thread/INFO]: Using epoll channel type
[02:41:21] [Server thread/INFO]: Paper: Using libdeflate (Linux x86_64) compression from Velocity.
[02:41:21] [Server thread/INFO]: Paper: Using OpenSSL 3.0.x (Linux x86_64) cipher from Velocity.
[02:41:22] [Server thread/INFO]: [ViaVersion] Loading server plugin ViaVersion v5.5.0
[02:41:22] [Server thread/INFO]: [ViaVersion] ViaVersion 5.5.0 is now loaded. Registering protocol transformers and injecting...
[02:41:22] [Via-Mappingloader-0/INFO]: [ViaVersion] Loading block connection mappings ...
[02:41:23] [Via-Mappingloader-0/INFO]: [ViaVersion] Using FastUtil Long2ObjectOpenHashMap for block connections
[02:41:23] [Server thread/INFO]: [LuckPerms] Loading server plugin LuckPerms v5.5.0
[02:41:23] [Server thread/INFO]: [Vault] Loading server plugin Vault v1.7.3-b131
[02:41:23] [Server thread/INFO]: [Essentials] Loading server plugin Essentials v2.21.2
[02:41:23] [Server thread/INFO]: [InventoryRollbackPlus] Loading server plugin InventoryRollbackPlus v1.7.7
[02:41:23] [Server thread/INFO]: Server permissions file permissions.yml is empty, ignoring it
[02:41:23] [Server thread/INFO]: [LuckPerms] Enabling LuckPerms v5.5.0
[02:41:24] [Server thread/INFO]:         __    
[02:41:24] [Server thread/INFO]:   |    |__)   LuckPerms v5.5.0
[02:41:24] [Server thread/INFO]:   |___ |      Running on Bukkit - Paper
[02:41:24] [Server thread/INFO]: 
[02:41:24] [Server thread/INFO]: [LuckPerms] Loading configuration...
[02:41:24] [Server thread/INFO]: [LuckPerms] Loading storage provider... [H2]
[02:41:24] [Server thread/INFO]: [LuckPerms] Loading internal permission managers...
[02:41:24] [Server thread/INFO]: [LuckPerms] Performing initial data load...
[02:41:24] [Server thread/INFO]: [LuckPerms] Successfully enabled. (took 1309ms)
[02:41:24] [Server thread/INFO]: [Vault] Enabling Vault v1.7.3-b131
[02:41:24] [Server thread/INFO]: [Vault] [Economy] Essentials Economy found: Waiting
[02:41:24] [Server thread/INFO]: [Vault] [Permission] SuperPermissions loaded as backup permission system.
[02:41:25] [Server thread/INFO]: [Vault] Enabled Version 1.7.3-b131
[02:41:25] [Server thread/INFO]: [LuckPerms] Registered Vault permission & chat hook.
[02:41:25] [Server thread/WARN]: **** SERVER IS RUNNING IN OFFLINE/INSECURE MODE!
[02:41:25] [Server thread/WARN]: The server will make no attempt to authenticate usernames. Beware.
[02:41:25] [Server thread/WARN]: While this makes the game possible to play without internet access, it also opens up the ability for hackers to connect with any username they choose.
[02:41:25] [Server thread/WARN]: To change this, set "online-mode" to "true" in the server.properties file.
[02:41:25] [Server thread/INFO]: Preparing level "world"
[02:41:25] [Server thread/INFO]: Preparing start region for dimension minecraft:overworld
[02:41:25] [Server thread/INFO]: Time elapsed: 293 ms
[02:41:25] [Server thread/INFO]: Preparing start region for dimension minecraft:the_nether
[02:41:25] [Server thread/INFO]: Time elapsed: 66 ms
[02:41:25] [Server thread/INFO]: Preparing start region for dimension minecraft:the_end
[02:41:25] [Server thread/INFO]: Time elapsed: 54 ms
[02:41:25] [Server thread/INFO]: [ViaVersion] Enabling ViaVersion v5.5.0
[02:41:25] [Server thread/INFO]: [ViaVersion] ViaVersion detected server version: 1.20-1.20.1 (763)
[02:41:25] [Server thread/WARN]: [ViaVersion] Please update your Java runtime to at least Java 21 (your version is 17.0.16).
[02:41:25] [Server thread/WARN]: [ViaVersion] At some point in the future, ViaVersion will no longer be compatible with this version of Java.
[02:41:25] [Server thread/INFO]: [Essentials] Enabling Essentials v2.21.2
[02:41:26] [Server thread/ERROR]: [Essentials] You are running an unsupported server version!
[02:41:26] [Server thread/INFO]: [Essentials] Attempting to convert old kits in config.yml to new kits.yml
[02:41:26] [Server thread/INFO]: [Essentials] No kits found to migrate.
[02:41:26] [Server thread/INFO]: [Essentials] Selected Paper Known Commands Provider as the provider for KnownCommandsProvider
[02:41:26] [Server thread/INFO]: [Essentials] Selected Legacy InventoryView Abstract Class ABI Provider as the provider for InventoryViewProvider
[02:41:26] [Server thread/INFO]: [Essentials] Selected 1.17.1+ World Info Provider as the provider for WorldInfoProvider
[02:41:26] [Server thread/INFO]: [Essentials] Selected 1.20.5+ Banner Data Provider as the provider for BannerDataProvider
[02:41:26] [Server thread/INFO]: [Essentials] Selected 1.14+ Sign Data Provider as the provider for SignDataProvider
[02:41:26] [Server thread/INFO]: [Essentials] Selected 1.8.3+ Spawner Item Provider as the provider for SpawnerItemProvider
[02:41:26] [Server thread/INFO]: [Essentials] Selected Paper Tick Count Provider as the provider for TickCountProvider
[02:41:26] [Server thread/INFO]: [Essentials] Selected Legacy Biome Name Provider as the provider for BiomeNameProvider
[02:41:26] [Server thread/INFO]: [Essentials] Selected Reflection Sync Commands Provider as the provider for SyncCommandsProvider
[02:41:26] [Server thread/INFO]: [Essentials] Selected Paper Biome Key Provider as the provider for BiomeKeyProvider
[02:41:26] [Server thread/INFO]: [Essentials] Selected Legacy Damage Event Provider as the provider for DamageEventProvider
[02:41:26] [Server thread/INFO]: [Essentials] Selected 1.14.4+ Persistent Data Container Provider as the provider for PersistentDataProvider
[02:41:26] [Server thread/INFO]: [Essentials] Selected 1.12.2+ Player Locale Provider as the provider for PlayerLocaleProvider
[02:41:26] [Server thread/INFO]: [Essentials] Selected 1.9-1.20.4 Potion Meta Provider as the provider for PotionMetaProvider
[02:41:26] [Server thread/INFO]: [Essentials] Selected 1.13+ Spawn Egg Provider as the provider for SpawnEggProvider
[02:41:26] [Server thread/INFO]: [Essentials] Selected 1.12+ Spawner Block Provider as the provider for SpawnerBlockProvider
[02:41:26] [Server thread/INFO]: [Essentials] Selected Paper Serialization Provider as the provider for SerializationProvider
[02:41:26] [Server thread/INFO]: [Essentials] Selected 1.11+ Item Unbreakable Provider as the provider for ItemUnbreakableProvider
[02:41:26] [Server thread/INFO]: [Essentials] Selected Paper Container Provider as the provider for ContainerProvider
[02:41:26] [Server thread/INFO]: [Essentials] Selected Paper Server State Provider as the provider for ServerStateProvider
[02:41:26] [Server thread/INFO]: [Essentials] Selected Reflection Online Mode Provider as the provider for OnlineModeProvider
[02:41:26] [Server thread/INFO]: [Essentials] Selected Paper Material Tag Provider as the provider for MaterialTagProvider
[02:41:26] [Server thread/INFO]: [Essentials] Selected Reflection Formatted Command Alias Provider as the provider for FormattedCommandAliasProvider
[02:41:27] [Server thread/INFO]: [Essentials] Loaded 43880 items from items.json.
[02:41:27] [Server thread/INFO]: [Essentials] Using locale en
[02:41:27] [Server thread/INFO]: [Essentials] ServerListPingEvent: Spigot iterator API
[02:41:27] [Server thread/INFO]: [Essentials] Starting Metrics. Opt-out using the global bStats config.
[02:41:27] [Server thread/INFO]: [Vault] [Economy] Essentials Economy hooked.
[02:41:27] [Server thread/INFO]: [Essentials] Using Vault based permissions (LuckPerms)
[02:41:27] [Server thread/INFO]: [InventoryRollbackPlus] Enabling InventoryRollbackPlus v1.7.7
[02:41:27] [Server thread/INFO]: [InventoryRollbackPlus] Attempting support for version: git-Paper-17 (MC: 1.20)
[02:41:27] [Server thread/INFO]: [InventoryRollbackPlus] Using CraftBukkit version: v1_20_R1
[02:41:27] [Server thread/INFO]: [InventoryRollbackPlus] Inventory backup data is set to save to: YAML
[02:41:27] [Server thread/INFO]: [InventoryRollbackPlus] bStats are enabled
[02:41:27] [Server thread/INFO]: [InventoryRollbackPlus] Tests completed: 5, Skipped: 0, Failed: 0
[02:41:27] [Server thread/INFO]: [InventoryRollbackPlus] All tests passed successfully.
[02:41:27] [Server thread/INFO]: Running delayed init tasks
[02:41:27] [Craft Scheduler Thread - 2 - ViaVersion/INFO]: [ViaVersion] Finished mapping loading, shutting down loader executor.
[02:41:27] [Server thread/INFO]: [Essentials] Essentials found a compatible payment resolution method: Vault Compatibility Layer (v1.7.3-b131)!
[02:41:27] [Craft Scheduler Thread - 1 - InventoryRollbackPlus/INFO]: [InventoryRollbackPlus] Checking for updates...
[02:41:27] [Craft Scheduler Thread - 2 - Essentials/INFO]: [Essentials] Fetching version information...
[02:41:27] [Craft Scheduler Thread - 6 - Vault/INFO]: [Vault] Checking for Updates ... 
[02:41:27] [Server thread/INFO]: Done (6.549s)! For help, type "help"
[02:41:27] [Server thread/INFO]: Timings Reset
[02:41:28] [Craft Scheduler Thread - 1 - InventoryRollbackPlus/INFO]: [InventoryRollbackPlus] You are running the latest version.
[02:41:28] [Craft Scheduler Thread - 6 - Vault/INFO]: [Vault] No new version available
[02:41:33] [Server thread/INFO]: Stopping the server
[02:41:33] [Server thread/INFO]: Stopping server
[02:41:33] [Server thread/INFO]: [InventoryRollbackPlus] Disabling InventoryRollbackPlus v1.7.7
[02:41:33] [Server thread/INFO]: [InventoryRollbackPlus] Setting shutdown state
[02:41:33] [Server thread/INFO]: [InventoryRollbackPlus] Saving player inventories...
[02:41:33] [Server thread/INFO]: [InventoryRollbackPlus] Done saving player inventories!
[02:41:33] [Server thread/INFO]: [InventoryRollbackPlus] Plugin is disabled!
[02:41:33] [Server thread/INFO]: [Essentials] Disabling Essentials v2.21.2
[02:41:33] [Server thread/INFO]: [Vault] [Economy] Essentials Economy unhooked.
[02:41:33] [Server thread/INFO]: [Vault] Disabling Vault v1.7.3-b131
[02:41:33] [Server thread/INFO]: [LuckPerms] Disabling LuckPerms v5.5.0
[02:41:33] [Server thread/INFO]: [LuckPerms] Starting shutdown process...
[02:41:33] [Server thread/INFO]: [LuckPerms] Closing storage...
[02:41:33] [Server thread/INFO]: [LuckPerms] Goodbye!
[02:41:33] [Server thread/INFO]: [ViaVersion] Disabling ViaVersion v5.5.0
[02:41:33] [Server thread/INFO]: [ViaVersion] ViaVersion has been disabled; uninjected the platform and shut down the scheduler.
[02:41:33] [Server thread/INFO]: Saving players
[02:41:33] [Server thread/INFO]: Saving worlds
[02:41:33] [Server thread/INFO]: Saving chunks for level 'ServerLevel[world]'/minecraft:overworld
[02:41:33] [Server thread/INFO]: [ChunkHolderManager] Waiting 60s for chunk system to halt for world 'world'
[02:41:33] [Server thread/INFO]: [ChunkHolderManager] Halted chunk system for world 'world'
[02:41:33] [Server thread/INFO]: [ChunkHolderManager] Saving all chunkholders for world 'world'
[02:41:34] [Server thread/INFO]: [ChunkHolderManager] Saved 529 block chunks, 529 entity chunks, 0 poi chunks in world 'world' in 1.11s
[02:41:34] [Server thread/INFO]: ThreadedAnvilChunkStorage (world): All chunks are saved
[02:41:34] [Server thread/INFO]: Saving chunks for level 'ServerLevel[world_nether]'/minecraft:the_nether
[02:41:34] [Server thread/INFO]: [ChunkHolderManager] Waiting 60s for chunk system to halt for world 'world_nether'
[02:41:34] [Server thread/INFO]: [ChunkHolderManager] Halted chunk system for world 'world_nether'
[02:41:34] [Server thread/INFO]: [ChunkHolderManager] Saving all chunkholders for world 'world_nether'
[02:41:35] [Server thread/INFO]: [ChunkHolderManager] Saved 529 block chunks, 529 entity chunks, 0 poi chunks in world 'world_nether' in 0.73s
[02:41:35] [Server thread/INFO]: ThreadedAnvilChunkStorage (DIM-1): All chunks are saved
[02:41:35] [Server thread/INFO]: Saving chunks for level 'ServerLevel[world_the_end]'/minecraft:the_end
[02:41:35] [Server thread/INFO]: [ChunkHolderManager] Waiting 60s for chunk system to halt for world 'world_the_end'
[02:41:35] [Server thread/INFO]: [ChunkHolderManager] Halted chunk system for world 'world_the_end'
[02:41:35] [Server thread/INFO]: [ChunkHolderManager] Saving all chunkholders for world 'world_the_end'
[02:41:35] [Server thread/INFO]: [ChunkHolderManager] Saved 529 block chunks, 529 entity chunks, 0 poi chunks in world 'world_the_end' in 0.15s
[02:41:35] [Server thread/INFO]: ThreadedAnvilChunkStorage (DIM1): All chunks are saved
[02:41:35] [Server thread/INFO]: ThreadedAnvilChunkStorage: All dimensions are saved
[02:41:35] [Server thread/INFO]: Flushing Chunk IO
[02:41:35] [Server thread/INFO]: Closing Thread Pool
[02:41:35] [Server thread/INFO]: Closing Server
